#
# There is insufficient memory for the Java Runtime Environment to continue.
# Native memory allocation (mmap) failed to map 268435456 bytes for Failed to commit area from 0x0000000701c00000 to 0x0000000711c00000 of length 268435456.
# Possible reasons:
#   The system is out of physical RAM or swap space
#   The process is running with CompressedOops enabled, and the Java Heap may be blocking the growth of the native heap
# Possible solutions:
#   Reduce memory load on the system
#   Increase physical memory or swap space
#   Check if swap backing store is full
#   Decrease Java heap size (-Xmx/-Xms)
#   Decrease number of Java threads
#   Decrease Java thread stack sizes (-Xss)
#   Set larger code cache with -XX:ReservedCodeCacheSize=
# This output file may be truncated or incomplete.
#
#  Out of Memory Error (c:/BuildAgent/work/5ff2f6c26000d570/src/hotspot/os/windows/os_windows.cpp:3291), pid=17608, tid=3664
#
# JRE version:  (11.0.5+10) (build )
# Java VM: OpenJDK 64-Bit Server VM (11.0.5+10-b520.17, mixed mode, aot, sharing, tiered, compressed oops, g1 gc, windows-amd64)
# No core dump will be written. Minidumps are not enabled by default on client versions of Windows
#

---------------  S U M M A R Y ------------

Command Line: org.jetbrains.git4idea.http.GitAskPassApp Username for 'https://gitee.com': 

Host: Intel(R) Core(TM) i5-4460  CPU @ 3.20GHz, 4 cores, 15G,  Windows 10 , 64 bit Build 18362 (10.0.18362.329)
Time: Thu Sep 17 09:18:46 2020 ?D1¨²¡À¨º¡Á?¨º¡À?? elapsed time: 0 seconds (0d 0h 0m 0s)

---------------  T H R E A D  ---------------

Current thread (0x0000027c7852a000):  JavaThread "Unknown thread" [_thread_in_vm, id=3664, stack(0x000000f4d7f00000,0x000000f4d8000000)]

Stack: [0x000000f4d7f00000,0x000000f4d8000000]
Native frames: (J=compiled Java code, j=interpreted, Vv=VM code, C=native code)
V  [jvm.dll+0x5dcafa]
V  [jvm.dll+0x70e375]
V  [jvm.dll+0x70f898]
V  [jvm.dll+0x70ff63]
V  [jvm.dll+0x23e238]
V  [jvm.dll+0x5da1c4]
V  [jvm.dll+0x5cf265]
V  [jvm.dll+0x2fac3b]
V  [jvm.dll+0x2fabaa]
V  [jvm.dll+0x2faa82]
V  [jvm.dll+0x2ff956]
V  [jvm.dll+0x3480d3]
V  [jvm.dll+0x3487d6]
V  [jvm.dll+0x3481d3]
V  [jvm.dll+0x2d5548]
V  [jvm.dll+0x2d66e7]
V  [jvm.dll+0x6ed237]
V  [jvm.dll+0x6eea2c]
V  [jvm.dll+0x355849]
V  [jvm.dll+0x6d239e]
V  [jvm.dll+0x3be283]
V  [jvm.dll+0x3c0701]
C  [jli.dll+0x5363]
C  [ucrtbase.dll+0x20e72]
C  [KERNEL32.DLL+0x17bd4]
C  [ntdll.dll+0x6ced1]


---------------  P R O C E S S  ---------------

Threads class SMR info:
_java_thread_list=0x0000027c764857b0, length=0, elements={
}

Java Threads: ( => current thread )

Other Threads:
  0x0000027c78544000 GCTaskThread "GC Thread#0" [stack: 0x000000f4d8000000,0x000000f4d8100000] [id=9744]
  0x0000027c785a3000 ConcurrentGCThread "G1 Main Marker" [stack: 0x000000f4d8100000,0x000000f4d8200000] [id=22668]
  0x0000027c785a5800 ConcurrentGCThread "G1 Conc#0" [stack: 0x000000f4d8200000,0x000000f4d8300000] [id=23640]

[error occurred during error reporting (printing all threads), id 0xc0000005, EXCEPTION_ACCESS_VIOLATION (0xc0000005) at pc=0x00007ff9e0dd5c17]

VM state:not at safepoint (not fully initialized)

VM Mutex/Monitor currently owned by a thread:  ([mutex/lock_event])
[0x0000027c78526f90] Heap_lock - owner thread: 0x0000027c7852a000

Heap address: 0x0000000701c00000, size: 4068 MB, Compressed Oops mode: Non-zero based: 0x0000000701c00000
Narrow klass base: 0x0000000000000000, Narrow klass shift: 0

GC Heap History (0 events):
No events

Deoptimization events (0 events):
No events

Classes redefined (0 events):
No events

Internal exceptions (0 events):
No events

Events (0 events):
No events


Dynamic libraries:
0x00007ff698060000 - 0x00007ff69806a000 	C:\Program Files\JetBrains\IntelliJ IDEA 2019.3.1\jbr\bin\java.exe
0x00007ffa0edc0000 - 0x00007ffa0efb0000 	C:\Windows\SYSTEM32\ntdll.dll
0x00007ffa0df10000 - 0x00007ffa0dfc2000 	C:\Windows\System32\KERNEL32.DLL
0x00007ffa0c1a0000 - 0x00007ffa0c443000 	C:\Windows\System32\KERNELBASE.dll
0x00007ffa0bd50000 - 0x00007ffa0be4a000 	C:\Windows\System32\ucrtbase.dll
0x00007ff9f7050000 - 0x00007ff9f7069000 	C:\Program Files\JetBrains\IntelliJ IDEA 2019.3.1\jbr\bin\jli.dll
0x00007ff9ffd80000 - 0x00007ff9ffd97000 	C:\Program Files\JetBrains\IntelliJ IDEA 2019.3.1\jbr\bin\VCRUNTIME140.dll
0x00007ffa0e400000 - 0x00007ffa0e594000 	C:\Windows\System32\USER32.dll
0x00007ffa0bfa0000 - 0x00007ffa0bfc1000 	C:\Windows\System32\win32u.dll
0x00007ffa0e260000 - 0x00007ffa0e286000 	C:\Windows\System32\GDI32.dll
0x00007ff9fc250000 - 0x00007ff9fc4d5000 	C:\Windows\WinSxS\amd64_microsoft.windows.common-controls_6595b64144ccf1df_6.0.18362.592_none_e6c0b1911312be02\COMCTL32.dll
0x00007ffa0c530000 - 0x00007ffa0c6c4000 	C:\Windows\System32\gdi32full.dll
0x00007ffa0e5a0000 - 0x00007ffa0e63e000 	C:\Windows\System32\msvcrt.dll
0x00007ffa0bf00000 - 0x00007ffa0bf9e000 	C:\Windows\System32\msvcp_win.dll
0x00007ffa0ce90000 - 0x00007ffa0d1c6000 	C:\Windows\System32\combase.dll
0x00007ffa0ec60000 - 0x00007ffa0ed80000 	C:\Windows\System32\RPCRT4.dll
0x00007ffa0bfd0000 - 0x00007ffa0c050000 	C:\Windows\System32\bcryptPrimitives.dll
0x00007ffa0d1d0000 - 0x00007ffa0d1fe000 	C:\Windows\System32\IMM32.DLL
0x00007ff9ffce0000 - 0x00007ff9ffd7d000 	C:\Program Files\JetBrains\IntelliJ IDEA 2019.3.1\jbr\bin\msvcp140.dll
0x00007ff9e0af0000 - 0x00007ff9e15ab000 	C:\Program Files\JetBrains\IntelliJ IDEA 2019.3.1\jbr\bin\server\jvm.dll
0x00007ffa0e2a0000 - 0x00007ffa0e343000 	C:\Windows\System32\ADVAPI32.dll
0x00007ffa0db20000 - 0x00007ffa0dbb7000 	C:\Windows\System32\sechost.dll
0x00007ffa0e180000 - 0x00007ffa0e188000 	C:\Windows\System32\PSAPI.DLL
0x00007ffa04f70000 - 0x00007ffa04f79000 	C:\Windows\SYSTEM32\WSOCK32.dll
0x00007ffa0e1f0000 - 0x00007ffa0e25f000 	C:\Windows\System32\WS2_32.dll
0x00007ffa09e60000 - 0x00007ffa09e84000 	C:\Windows\SYSTEM32\WINMM.dll
0x00007ffa0b880000 - 0x00007ffa0b88a000 	C:\Windows\SYSTEM32\VERSION.dll
0x00007ffa097e0000 - 0x00007ffa0980d000 	C:\Windows\SYSTEM32\winmmbase.dll
0x00007ffa0c4e0000 - 0x00007ffa0c52a000 	C:\Windows\System32\cfgmgr32.dll
0x00007ffa0bd30000 - 0x00007ffa0bd41000 	C:\Windows\System32\kernel.appcore.dll
0x00007ff9f7300000 - 0x00007ff9f7311000 	C:\Program Files\JetBrains\IntelliJ IDEA 2019.3.1\jbr\bin\verify.dll
0x00007ffa06220000 - 0x00007ffa06414000 	C:\Windows\SYSTEM32\DBGHELP.DLL
0x00007ffa05fb0000 - 0x00007ffa05fda000 	C:\Windows\SYSTEM32\dbgcore.DLL
0x00007ff9e8f30000 - 0x00007ff9e8f59000 	C:\Program Files\JetBrains\IntelliJ IDEA 2019.3.1\jbr\bin\java.dll
0x00007ff9e96a0000 - 0x00007ff9e96b7000 	C:\Program Files\JetBrains\IntelliJ IDEA 2019.3.1\jbr\bin\zip.dll
0x00007ff9fd160000 - 0x00007ff9fd16b000 	C:\Program Files\JetBrains\IntelliJ IDEA 2019.3.1\jbr\bin\jimage.dll

dbghelp: loaded successfully - version: 4.0.5 - missing functions: none
symbol engine: initialized successfully - sym options: 0x614 - pdb path: .;C:\Program Files\JetBrains\IntelliJ IDEA 2019.3.1\jbr\bin;C:\Windows\SYSTEM32;C:\Windows\WinSxS\amd64_microsoft.windows.common-controls_6595b64144ccf1df_6.0.18362.592_none_e6c0b1911312be02;C:\Program Files\JetBrains\IntelliJ IDEA 2019.3.1\jbr\bin\server

VM Arguments:
java_command: org.jetbrains.git4idea.http.GitAskPassApp Username for 'https://gitee.com': 
java_class_path (initial): C:/Program Files/JetBrains/IntelliJ IDEA 2019.3.1/plugins/git4idea/lib/git4idea-rt.jar;C:/Program Files/JetBrains/IntelliJ IDEA 2019.3.1/lib/xmlrpc-2.0.1.jar;C:/Program Files/JetBrains/IntelliJ IDEA 2019.3.1/lib/commons-codec-1.13.jar;C:/Program Files/JetBrains/IntelliJ IDEA 2019.3.1/lib/util.jar
Launcher Type: SUN_STANDARD

[Global flags]
     intx CICompilerCount                          = 3                                         {product} {ergonomic}
     uint ConcGCThreads                            = 1                                         {product} {ergonomic}
     uint G1ConcRefinementThreads                  = 4                                         {product} {ergonomic}
   size_t G1HeapRegionSize                         = 1048576                                   {product} {ergonomic}
    uintx GCDrainStackTargetSize                   = 64                                        {product} {ergonomic}
   size_t InitialHeapSize                          = 268435456                                 {product} {ergonomic}
   size_t MarkStackSize                            = 4194304                                   {product} {ergonomic}
   size_t MaxHeapSize                              = 4265607168                                {product} {ergonomic}
   size_t MinHeapDeltaBytes                        = 1048576                                   {product} {ergonomic}
    uintx NonNMethodCodeHeapSize                   = 5830732                                {pd product} {ergonomic}
    uintx NonProfiledCodeHeapSize                  = 122913754                              {pd product} {ergonomic}
    uintx ProfiledCodeHeapSize                     = 122913754                              {pd product} {ergonomic}
    uintx ReservedCodeCacheSize                    = 251658240                              {pd product} {ergonomic}
     bool SegmentedCodeCache                       = true                                      {product} {ergonomic}
     bool UseCompressedClassPointers               = true                                 {lp64_product} {ergonomic}
     bool UseCompressedOops                        = true                                 {lp64_product} {ergonomic}
     bool UseG1GC                                  = true                                      {product} {ergonomic}
     bool UseLargePagesIndividualAllocation        = false                                  {pd product} {ergonomic}

Logging:
Log output configuration:
 #0: stdout all=warning uptime,level,tags
 #1: stderr all=off uptime,level,tags

Environment Variables:
JAVA_HOME=C:\Program Files\Java\jdk1.8.0_181
PATH=C:\Program Files\Git\mingw64\libexec\git-core;C:\Program Files\Git\mingw64\libexec\git-core;C:\Program Files\Git\mingw64\bin;C:\Program Files\Git\usr\bin;C:\Users\Administrator\bin;C:\Python38\Scripts;C:\Python38;C:\Program Files\Java\jdk1.8.0_181\bin;C:\Program Files\MySQL\MySQL Server 5.6\bin;D:\apache-maven-3.6.3\bin;C:\Program Files\Java\jre1.8.0_181\bin;C:\Program Files (x86)\Common Files\Oracle\Java\javapath;C:\Windows\system32;C:\Windows;C:\Windows\System32\Wbem;C:\Windows\System32\WindowsPowerShell\v1.0;C:\Windows\System32\OpenSSH;C:\Program Files (x86)\NVIDIA Corporation\PhysX\Common;C:\Program Files\Git\cmd;C:\Program Files\nodejs;C:\ProgramData\chocolatey\bin;C:\Users\Administrator\AppData\Local\Microsoft\WindowsApps;C:\Users\Administrator\AppData\Local\Programs\Microsoft VS Code\bin;C:\Users\Administrator\AppData\Roaming\npm
USERNAME=Administrator
DISPLAY=:0.0
OS=Windows_NT
PROCESSOR_IDENTIFIER=Intel64 Family 6 Model 60 Stepping 3, GenuineIntel



---------------  S Y S T E M  ---------------

OS: Windows 10 , 64 bit Build 18362 (10.0.18362.329)

CPU:total 4 (initial active 4) (4 cores per cpu, 1 threads per core) family 6 model 60 stepping 3, cmov, cx8, fxsr, mmx, sse, sse2, sse3, ssse3, sse4.1, sse4.2, popcnt, avx, avx2, aes, clmul, erms, lzcnt, tsc, tscinvbit, bmi1, bmi2, fma

Memory: 4k page, system-wide physical 16265M (5443M free)
TotalPageFile size 24174M (AvailPageFile size 181M)
current process WorkingSet (physical memory assigned to process): 10M, peak: 10M
current process commit charge ("private bytes"): 52M, peak: 308M

vm_info: OpenJDK 64-Bit Server VM (11.0.5+10-b520.17) for windows-amd64 JRE (11.0.5+10-b520.17), built on Dec  2 2019 12:11:34 by "" with MS VC++ 14.0 (VS2015)

END.
